[23-Aug-2020 18:05:52] NOTICE: fpm is running, pid 2078
[23-Aug-2020 18:05:52] NOTICE: ready to handle connections
[23-Aug-2020 20:46:49] NOTICE: Terminating ...
[23-Aug-2020 20:46:49] NOTICE: Terminating ...
[23-Aug-2020 20:46:49] NOTICE: exiting, bye-bye!
[29-Aug-2020 17:03:50] NOTICE: fpm is running, pid 1459
[29-Aug-2020 17:03:50] NOTICE: ready to handle connections
[30-Aug-2020 04:10:40] NOTICE: Terminating ...
[30-Aug-2020 04:10:40] NOTICE: Terminating ...
[30-Aug-2020 04:10:40] NOTICE: exiting, bye-bye!
[30-Aug-2020 08:13:56] NOTICE: fpm is running, pid 1256
[30-Aug-2020 08:13:56] NOTICE: ready to handle connections
[30-Aug-2020 21:28:58] NOTICE: Terminating ...
[30-Aug-2020 21:28:58] NOTICE: Terminating ...
[30-Aug-2020 21:28:58] NOTICE: exiting, bye-bye!
[04-Sep-2020 20:46:24] NOTICE: fpm is running, pid 4604
[04-Sep-2020 20:46:24] NOTICE: ready to handle connections
[04-Sep-2020 21:33:29] NOTICE: Terminating ...
[04-Sep-2020 21:33:29] NOTICE: Terminating ...
[04-Sep-2020 21:33:29] NOTICE: exiting, bye-bye!
[05-Sep-2020 05:09:27] NOTICE: fpm is running, pid 1533
[05-Sep-2020 05:09:27] NOTICE: ready to handle connections
[07-Sep-2020 10:11:08] NOTICE: Terminating ...
[07-Sep-2020 10:11:08] NOTICE: Terminating ...
[07-Sep-2020 10:11:08] NOTICE: exiting, bye-bye!
[07-Sep-2020 10:14:08] NOTICE: fpm is running, pid 1269
[07-Sep-2020 10:14:08] NOTICE: ready to handle connections
[07-Sep-2020 22:30:55] NOTICE: Terminating ...
[07-Sep-2020 22:30:55] NOTICE: Terminating ...
[07-Sep-2020 22:30:55] NOTICE: exiting, bye-bye!
[12-Sep-2020 17:32:04] NOTICE: fpm is running, pid 2052
[12-Sep-2020 17:32:04] NOTICE: ready to handle connections
[12-Sep-2020 17:49:47] NOTICE: Terminating ...
[12-Sep-2020 17:49:47] NOTICE: Terminating ...
[12-Sep-2020 17:49:47] NOTICE: exiting, bye-bye!
[12-Sep-2020 17:54:33] NOTICE: fpm is running, pid 1345
[12-Sep-2020 17:54:33] NOTICE: ready to handle connections
